
######################################################################
  XGBOOST — LA Crime Category Prediction
  RANDOM SEED USED THROUGHOUT: 42
######################################################################

======================================================================
  STEP 1 – LOADING ENGINEERED FEATURES DATASET
======================================================================
  File  : C:\Users\raouf\Desktop\TUM\02_Semester 2\05_Python and Advanced Data Science\LA_Crime_Data\data\processed\la_crime_features.csv
  Shape : (918443, 27)

======================================================================
  STEP 2 – FEATURE SELECTION
======================================================================
  Selected feature groups: TIME, LOCATION, VICTIM DEMOGRAPHICS, PREMISE
  Excluded on purpose: weapon_desc, status_desc (would leak the target)
  Final feature set (10 features + target):
    ['lat', 'lon', 'vict_age', 'hour', 'month', 'day_of_week', 'area_name', 'vict_sex', 'vict_descent', 'premis_group']
  -> saved: C:\Users\raouf\Desktop\TUM\02_Semester 2\05_Python and Advanced Data Science\LA_Crime_Data\outputs\xgboost_output\class_distribution.png

  Target classes (5): ['Other', 'Property', 'Sexual Assault', 'Vehicle', 'Violent']

======================================================================
  STEP 3 – PRE-PROCESSING  (impute + one-hot, no scaling for trees)
======================================================================
  Numeric (median-imputed)   : ['lat', 'lon', 'vict_age', 'hour', 'month', 'day_of_week']
  Categorical (one-hot)      : ['area_name', 'vict_sex', 'vict_descent', 'premis_group']

======================================================================
  STEP 4 – TRAIN / TEST SPLIT
======================================================================
  No shared split found — created one and saved -> C:\Users\raouf\Desktop\TUM\02_Semester 2\05_Python and Advanced Data Science\LA_Crime_Data\data\processed\train_test_split_indices.csv
  Split        : 80% train / 20% test
  Random seed  : 42
  Stratified by: 'category'
  Train shape  : (734754, 10)
  Test shape   : (183689, 10)

======================================================================
  STEP 5 – BASELINE MODEL
======================================================================

  -- BASELINE Results --
  Accuracy        : 0.6787
  Macro Precision : 0.6298
  Macro Recall    : 0.4716
  Macro F1        : 0.4842
  Macro ROC-AUC   : 0.8516
  Log Loss        : 0.8298

  Per-class report:
                precision    recall  f1-score   support

         Other       0.50      0.03      0.05      7237
      Property       0.68      0.76      0.72     69229
Sexual Assault       0.59      0.17      0.27      4921
       Vehicle       0.77      0.78      0.78     47726
       Violent       0.59      0.62      0.61     54576

      accuracy                           0.68    183689
     macro avg       0.63      0.47      0.48    183689
  weighted avg       0.67      0.68      0.66    183689

  -> saved: C:\Users\raouf\Desktop\TUM\02_Semester 2\05_Python and Advanced Data Science\LA_Crime_Data\outputs\xgboost_output\confusion_matrix_baseline.png

======================================================================
  STEP 6 – HYPERPARAMETER TUNING (GridSearchCV)
======================================================================
  Search space : {'classifier__max_depth': [4, 6, 8], 'classifier__learning_rate': [0.05, 0.1, 0.2], 'classifier__n_estimators': [200, 400], 'classifier__subsample': [0.8, 1.0]}
  CV           : StratifiedKFold(3), scoring=f1_macro
Fitting 3 folds for each of 36 candidates, totalling 108 fits

  Best parameters found : {'classifier__learning_rate': 0.2, 'classifier__max_depth': 8, 'classifier__n_estimators': 400, 'classifier__subsample': 0.8}
  Best CV macro-F1      : 0.5015
  -> saved: C:\Users\raouf\Desktop\TUM\02_Semester 2\05_Python and Advanced Data Science\LA_Crime_Data\outputs\xgboost_output\grid_search_results.csv

  -- TUNED Results --
  Accuracy        : 0.6871
  Macro Precision : 0.6364
  Macro Recall    : 0.4877
  Macro F1        : 0.5067
  Macro ROC-AUC   : 0.8573
  Log Loss        : 0.8121

  Per-class report:
                precision    recall  f1-score   support

         Other       0.53      0.07      0.12      7237
      Property       0.70      0.75      0.72     69229
Sexual Assault       0.57      0.19      0.28      4921
       Vehicle       0.78      0.79      0.78     47726
       Violent       0.60      0.64      0.62     54576

      accuracy                           0.69    183689
     macro avg       0.64      0.49      0.51    183689
  weighted avg       0.68      0.69      0.67    183689

  -> saved: C:\Users\raouf\Desktop\TUM\02_Semester 2\05_Python and Advanced Data Science\LA_Crime_Data\outputs\xgboost_output\confusion_matrix_tuned.png
  -> saved: C:\Users\raouf\Desktop\TUM\02_Semester 2\05_Python and Advanced Data Science\LA_Crime_Data\outputs\xgboost_output\roc_curves_tuned.png

  [PLOT] Feature importance (gain-based, from the tuned model)
  -> saved: C:\Users\raouf\Desktop\TUM\02_Semester 2\05_Python and Advanced Data Science\LA_Crime_Data\outputs\xgboost_output\feature_importance.png
  -> saved: C:\Users\raouf\Desktop\TUM\02_Semester 2\05_Python and Advanced Data Science\LA_Crime_Data\outputs\xgboost_output\precision_recall_f1_by_class.png
  -> saved: C:\Users\raouf\Desktop\TUM\02_Semester 2\05_Python and Advanced Data Science\LA_Crime_Data\outputs\xgboost_output\baseline_vs_tuned_metrics.png

  [PLOT] Training curve (mlogloss vs boosting round)
  -> saved: C:\Users\raouf\Desktop\TUM\02_Semester 2\05_Python and Advanced Data Science\LA_Crime_Data\outputs\xgboost_output\training_curve.png

======================================================================
  STEP 8 – BASELINE vs TUNED COMPARISON
======================================================================
                                                                                                                                         model  accuracy  macro_precision  macro_recall  macro_f1  macro_roc_auc  log_loss  random_seed
                                                                                                                            XGBoost (Baseline)  0.678740         0.629840      0.471573  0.484169       0.851579  0.829812           42
XGBoost (Tuned: {'classifier__learning_rate': 0.2, 'classifier__max_depth': 8, 'classifier__n_estimators': 400, 'classifier__subsample': 0.8})  0.687129         0.636425      0.487746  0.506716       0.857333  0.812062           42

  Macro-F1 change from tuning: +0.0225 (improvement)

  -> saved (this model): C:\Users\raouf\Desktop\TUM\02_Semester 2\05_Python and Advanced Data Science\LA_Crime_Data\outputs\xgboost_output\model_comparison_summary.csv
  -> updated (shared)  : C:\Users\raouf\Desktop\TUM\02_Semester 2\05_Python and Advanced Data Science\LA_Crime_Data\outputs\model_comparison_summary.csv

  Serialized tuned model -> C:\Users\raouf\Desktop\TUM\02_Semester 2\05_Python and Advanced Data Science\LA_Crime_Data\outputs\xgboost_output\model_xgboost.joblib

######################################################################
  DONE. All outputs saved in: C:\Users\raouf\Desktop\TUM\02_Semester 2\05_Python and Advanced Data Science\LA_Crime_Data\outputs\xgboost_output
  RANDOM SEED USED: 42  <-- shared across all models
######################################################################

